<?xml version="1.0" encoding="UTF-8"?>
<!-- Generated by org.testng.reporters.JUnitReportReporter -->
<testsuite hostname="DESKTOP-DPB5V59" failures="0" tests="3" name="com.qa.wikipedia.tests.WikiAdvanceSearchTest" time="9.025" errors="0" timestamp="09 Aug 2022 06:38:56 GMT" skipped="0">
  <testcase classname="com.qa.wikipedia.tests.WikiAdvanceSearchTest" name="advanceSearchPageTitleTest" time="0.389"/>
  <testcase classname="com.qa.wikipedia.tests.WikiAdvanceSearchTest" name="performAdvanceSearchTest" time="8.606"/>
  <testcase classname="com.qa.wikipedia.tests.WikiAdvanceSearchTest" name="wikiAdvanceUrlTest" time="0.030"/>
</testsuite> <!-- com.qa.wikipedia.tests.WikiAdvanceSearchTest -->
