<?xml version="1.0" encoding="UTF-8"?>
<!-- Generated by org.testng.reporters.JUnitReportReporter -->
<testsuite hostname="DESKTOP-DPB5V59" failures="0" tests="2" name="com.qa.wikipedia.tests.WikiPageTest" time="1.301" errors="0" timestamp="09 Aug 2022 06:38:06 GMT" skipped="0">
  <testcase classname="com.qa.wikipedia.tests.WikiPageTest" name="searchButtonTest" time="0.980"/>
  <testcase classname="com.qa.wikipedia.tests.WikiPageTest" name="WikiHomePageTitleTest" time="0.321"/>
</testsuite> <!-- com.qa.wikipedia.tests.WikiPageTest -->
